Using pre-set license

 COMMAND LINE ARGUMENTS:
/Applications/Unity/Hub/Editor/2020.2.6f1/Unity.app/Contents/MacOS/Unity
-adb2
-batchMode
-noUpm
-name
AssetImportWorker0
-projectPath
/Users/zehreken/Development/i-cheat
-logFile
Logs/AssetImportWorker0.log
-srvPort
53894
Successfully changed project path to: /Users/zehreken/Development/i-cheat
/Users/zehreken/Development/i-cheat
Using Asset Import Pipeline V2.
Refreshing native plugins compatible for Editor in 57.28 ms, found 1 plugins.
Preloading 0 native plugins for Editor in 0.00 ms.
Initialize engine version: 2020.2.6f1 (8a2143876886)
[Subsystems] Discovering subsystems at path /Applications/Unity/Hub/Editor/2020.2.6f1/Unity.app/Contents/Resources/UnitySubsystems
[Subsystems] Discovering subsystems at path /Users/zehreken/Development/i-cheat/Assets
GfxDevice: creating device client; threaded=0
2021-03-29 00:30:49.078 Unity[4851:161771] Color LCD preferred device: Intel(R) Iris(TM) Graphics 6100 (low power)
2021-03-29 00:30:49.078 Unity[4851:161771] Metal devices available: 1
2021-03-29 00:30:49.078 Unity[4851:161771] 0: Intel(R) Iris(TM) Graphics 6100 (low power)
2021-03-29 00:30:49.078 Unity[4851:161771] Using device Intel(R) Iris(TM) Graphics 6100 (low power)
Initializing Metal device caps: Intel(R) Iris(TM) Graphics 6100
Initialize mono
Mono path[0] = '/Applications/Unity/Hub/Editor/2020.2.6f1/Unity.app/Contents/Managed'
Mono path[1] = '/Applications/Unity/Hub/Editor/2020.2.6f1/Unity.app/Contents/MonoBleedingEdge/lib/mono/unityjit'
Mono config path = '/Applications/Unity/Hub/Editor/2020.2.6f1/Unity.app/Contents/MonoBleedingEdge/etc'
Using monoOptions --debugger-agent=transport=dt_socket,embedding=1,server=y,suspend=n,address=127.0.0.1:56851
Begin MonoManager ReloadAssembly
Registering precompiled unity dll's ...
Register platform support module: /Applications/Unity/Hub/Editor/2020.2.6f1/Unity.app/Contents/PlaybackEngines/MacStandaloneSupport/UnityEditor.OSXStandalone.Extensions.dll
Register platform support module: /Applications/Unity/Hub/Editor/2020.2.6f1/PlaybackEngines/WindowsStandaloneSupport/UnityEditor.WindowsStandalone.Extensions.dll
Register platform support module: /Applications/Unity/Hub/Editor/2020.2.6f1/PlaybackEngines/LinuxStandaloneSupport/UnityEditor.LinuxStandalone.Extensions.dll
Registered in 0.001668 seconds.
Native extension for LinuxStandalone target not found
Native extension for WindowsStandalone target not found
Native extension for OSXStandalone target not found
Refreshing native plugins compatible for Editor in 47.51 ms, found 1 plugins.
Preloading 0 native plugins for Editor in 0.00 ms.
Invoked RoslynAnalysisRunner static constructor.
RoslynAnalysisRunner will not be running.
RoslynAnalysisRunner has terminated.
Mono: successfully reloaded assembly
- Completed reload, in  2.215 seconds
Platform modules already initialized, skipping
Registering precompiled user dll's ...
Registered in 0.005720 seconds.
Begin MonoManager ReloadAssembly
Native extension for LinuxStandalone target not found
Native extension for WindowsStandalone target not found
Native extension for OSXStandalone target not found
Refreshing native plugins compatible for Editor in 0.59 ms, found 1 plugins.
Preloading 0 native plugins for Editor in 0.00 ms.
Invoked RoslynAnalysisRunner static constructor.
RoslynAnalysisRunner will not be running.
RoslynAnalysisRunner has terminated.
Mono: successfully reloaded assembly
- Completed reload, in  1.512 seconds
Platform modules already initialized, skipping
========================================================================
Worker process is ready to serve import requests
Launching external process: /Applications/Unity/Hub/Editor/2020.2.6f1/Unity.app/Contents/Tools/UnityShaderCompiler
Launched and connected shader compiler UnityShaderCompiler after 0.02 seconds
Refreshing native plugins compatible for Editor in 0.64 ms, found 1 plugins.
Preloading 0 native plugins for Editor in 0.00 ms.
Unloading 1484 Unused Serialized files (Serialized files now loaded: 0)
System memory in use before: 120.4 MB.
System memory in use after: 120.5 MB.

Unloading 55 unused Assets to reduce memory usage. Loaded Objects now: 1899.
Total: 3.206658 ms (FindLiveObjects: 0.416728 ms CreateObjectMapping: 0.101993 ms MarkObjects: 2.592360 ms  DeleteObjects: 0.093960 ms)

========================================================================
Received Import Request.
  path: Assets/Art/Sprites/isometric_pixel_0000.png
  artifactKey: Guid(47cb8f065c8f444a6b9f23a544636341) Importer(815301076,1909f56bfc062723c751e8b465ee728b)
Start importing Assets/Art/Sprites/isometric_pixel_0000.png using Guid(47cb8f065c8f444a6b9f23a544636341) Importer(815301076,1909f56bfc062723c751e8b465ee728b)  -> (artifact id: '3a6a19dff09db85d15b624f0284840e0') in 1.366958 seconds
  Import took 1.369816 seconds .

========================================================================
Received Import Request.
  Time since last request: 0.000269 seconds.
  path: Assets/Art/Sprites/dirt.png
  artifactKey: Guid(aad6f265428ba4ddca7bd766f874ac3f) Importer(815301076,1909f56bfc062723c751e8b465ee728b)
Start importing Assets/Art/Sprites/dirt.png using Guid(aad6f265428ba4ddca7bd766f874ac3f) Importer(815301076,1909f56bfc062723c751e8b465ee728b)  -> (artifact id: '85120add314a0d316a5c43717eccc7af') in 0.018752 seconds
  Import took 0.021628 seconds .

========================================================================
Received Import Request.
  Time since last request: 0.022606 seconds.
  path: Assets/Art/Sprites/isometric_pixel_0001.png
  artifactKey: Guid(fd21d54cf7c8341d2bad24af583012f3) Importer(815301076,1909f56bfc062723c751e8b465ee728b)
Start importing Assets/Art/Sprites/isometric_pixel_0001.png using Guid(fd21d54cf7c8341d2bad24af583012f3) Importer(815301076,1909f56bfc062723c751e8b465ee728b)  -> (artifact id: '0eb09b4d0e97b92a1631877853b77db9') in 0.017743 seconds
  Import took 0.025186 seconds .

========================================================================
Received Import Request.
  Time since last request: 0.000362 seconds.
  path: Assets/Art/Sprites/grass.png
  artifactKey: Guid(99565645445ca4df786aa9d734b3a9d3) Importer(815301076,1909f56bfc062723c751e8b465ee728b)
Start importing Assets/Art/Sprites/grass.png using Guid(99565645445ca4df786aa9d734b3a9d3) Importer(815301076,1909f56bfc062723c751e8b465ee728b)  -> (artifact id: 'c1f558082864278c40c4dede998ec4ad') in 0.011767 seconds
  Import took 0.014968 seconds .

========================================================================
Received Import Request.
  Time since last request: 0.000231 seconds.
  path: Assets/Art/Sprites/isometric_pixel_0001.png
  artifactKey: Guid(fd21d54cf7c8341d2bad24af583012f3) Importer(815301076,1909f56bfc062723c751e8b465ee728b)
Start importing Assets/Art/Sprites/isometric_pixel_0001.png using Guid(fd21d54cf7c8341d2bad24af583012f3) Importer(815301076,1909f56bfc062723c751e8b465ee728b)  -> (artifact id: '0eb09b4d0e97b92a1631877853b77db9') in 0.028676 seconds
  Import took 0.037095 seconds .

========================================================================
Received Import Request.
  Time since last request: 9.758152 seconds.
  path: Assets/Entitas/LICENSE.txt
  artifactKey: Guid(259674008be191349a781121d91ab729) Importer(815301076,1909f56bfc062723c751e8b465ee728b)
Start importing Assets/Entitas/LICENSE.txt using Guid(259674008be191349a781121d91ab729) Importer(815301076,1909f56bfc062723c751e8b465ee728b)  -> (artifact id: 'be277c683d27113ba14d3b71bddb0f69') in 4.509289 seconds
  Import took 4.512819 seconds .

========================================================================
Received Prepare
Registering precompiled user dll's ...
Registered in 0.001441 seconds.
Begin MonoManager ReloadAssembly
Native extension for LinuxStandalone target not found
Native extension for WindowsStandalone target not found
Native extension for OSXStandalone target not found
Refreshing native plugins compatible for Editor in 0.46 ms, found 1 plugins.
Preloading 0 native plugins for Editor in 0.00 ms.
Invoked RoslynAnalysisRunner static constructor.
RoslynAnalysisRunner will not be running.
RoslynAnalysisRunner has terminated.
Mono: successfully reloaded assembly
- Completed reload, in  1.460 seconds
Platform modules already initialized, skipping
Refreshing native plugins compatible for Editor in 0.44 ms, found 1 plugins.
Preloading 0 native plugins for Editor in 0.00 ms.
Unloading 1418 Unused Serialized files (Serialized files now loaded: 0)
System memory in use before: 129.5 MB.
System memory in use after: 129.6 MB.

Unloading 68 unused Assets to reduce memory usage. Loaded Objects now: 1866.
Total: 2.032320 ms (FindLiveObjects: 0.298720 ms CreateObjectMapping: 0.091088 ms MarkObjects: 1.593883 ms  DeleteObjects: 0.046142 ms)

========================================================================
Received Import Request.
  Time since last request: 199.168897 seconds.
  path: Assets/Prefabs/Dirt.prefab
  artifactKey: Guid(57860de1ce5d04faa858d5643273d075) Importer(815301076,1909f56bfc062723c751e8b465ee728b)
Start importing Assets/Prefabs/Dirt.prefab using Guid(57860de1ce5d04faa858d5643273d075) Importer(815301076,1909f56bfc062723c751e8b465ee728b)  -> (artifact id: 'f77c13f374e391453a6c702b378835af') in 1.418343 seconds
  Import took 1.422851 seconds .

========================================================================
Received Import Request.
  Time since last request: 0.000260 seconds.
  path: Assets/Resources/PrefabDictionary.asset
  artifactKey: Guid(df5b1215d168ece428bf680f8f93848f) Importer(815301076,1909f56bfc062723c751e8b465ee728b)
Start importing Assets/Resources/PrefabDictionary.asset using Guid(df5b1215d168ece428bf680f8f93848f) Importer(815301076,1909f56bfc062723c751e8b465ee728b)  -> (artifact id: 'be262060d5492aee248f0623936ef377') in 0.437948 seconds
  Import took 0.440697 seconds .

========================================================================
Received Import Request.
  Time since last request: 0.582139 seconds.
  path: Assets/Scenes/Main.unity
  artifactKey: Guid(09a6b2c13be93412595c24fa474fed88) Importer(815301076,1909f56bfc062723c751e8b465ee728b)
Start importing Assets/Scenes/Main.unity using Guid(09a6b2c13be93412595c24fa474fed88) Importer(815301076,1909f56bfc062723c751e8b465ee728b)  -> (artifact id: '2451be76d5e0fd71c1370727c8a7b374') in 0.002238 seconds
  Import took 0.005731 seconds .

========================================================================
Received Import Request.
  Time since last request: 0.023743 seconds.
  path: Assets/Scenes/Main.unity
  artifactKey: Guid(09a6b2c13be93412595c24fa474fed88) Importer(815301076,1909f56bfc062723c751e8b465ee728b)
Start importing Assets/Scenes/Main.unity using Guid(09a6b2c13be93412595c24fa474fed88) Importer(815301076,1909f56bfc062723c751e8b465ee728b)  -> (artifact id: '2451be76d5e0fd71c1370727c8a7b374') in 0.003133 seconds
  Import took 0.016437 seconds .

